2026-03-10 00:51:37 | INFO | __main__ | Starting run_local.py
2026-03-10 00:51:37 | INFO | __main__ | Args | dataset_zip=/mnt/e/largescaleml/dsp_final_project/M214_project_data.zip extract_dir=/mnt/e/largescaleml/dsp_final_project/M214_project_data seed=0 batch_size=32 num_epochs=40 lr=0.0003 device=cuda feature_level=lld use_xgb_feature_selection=True xgb_val_ratio=0.200 combine_mfcc=False skip_train=False checkpoint_path=/mnt/e/largescaleml/dsp_final_project/checkpoints/opensmile_mfcc_best_checkpoint.pt save_cm_dir=./figures save_feature_summary=True feature_summary_max_features=30
2026-03-10 00:51:37 | INFO | __main__ | Random seed set to 0
2026-03-10 00:51:37 | INFO | __main__ | Dataset already extracted at /mnt/e/largescaleml/dsp_final_project/M214_project_data
2026-03-10 00:51:37 | INFO | __main__ | OpenSMILE config | feature_set=eGeMAPSv02 feature_level=lld opensmile_feature_count=25 combine_mfcc=False
2026-03-10 00:51:37 | INFO | __main__ | OpenSMILE feature names: ['Loudness_sma3', 'alphaRatio_sma3', 'hammarbergIndex_sma3', 'slope0-500_sma3', 'slope500-1500_sma3', 'spectralFlux_sma3', 'mfcc1_sma3', 'mfcc2_sma3', 'mfcc3_sma3', 'mfcc4_sma3', 'F0semitoneFrom27.5Hz_sma3nz', 'jitterLocal_sma3nz', 'shimmerLocaldB_sma3nz', 'HNRdBACF_sma3nz', 'logRelF0-H1-H2_sma3nz', 'logRelF0-H1-A3_sma3nz', 'F1frequency_sma3nz', 'F1bandwidth_sma3nz', 'F1amplitudeLogRelF0_sma3nz', 'F2frequency_sma3nz', 'F2bandwidth_sma3nz', 'F2amplitudeLogRelF0_sma3nz', 'F3frequency_sma3nz', 'F3bandwidth_sma3nz', 'F3amplitudeLogRelF0_sma3nz']
2026-03-10 00:52:10 | INFO | __main__ | Train: 2500 files loaded (eGeMAPS)
2026-03-10 00:52:14 | INFO | __main__ | Test clean: 300 files loaded (eGeMAPS)
2026-03-10 00:52:16 | INFO | __main__ | Test noisy 5dB: 300 files loaded (eGeMAPS)
2026-03-10 00:52:20 | INFO | __main__ | Test noisy 10dB: 300 files loaded (eGeMAPS)
2026-03-10 00:52:20 | INFO | __main__ | Loaded datasets | train=2500 test_clean=300 test_5db=300 test_10db=300
2026-03-10 00:52:20 | INFO | __main__ | [XGB FS] Starting feature selection with n_samples=2500, feat_dim=25, val_ratio=0.200
2026-03-10 00:52:20 | INFO | __main__ | [XGB FS] Split sizes: train=2000, val=500 | summary dims: train=(2000, 100), val=(500, 100)
2026-03-10 00:52:24 | INFO | __main__ | [XGB FS] k=  8  clean=0.9320  5dB=0.6520  10dB=0.8340  avg=0.8060
2026-03-10 00:52:25 | INFO | __main__ | [XGB FS] k= 12  clean=0.9580  5dB=0.6820  10dB=0.8520  avg=0.8307
2026-03-10 00:52:26 | INFO | __main__ | [XGB FS] k= 16  clean=0.9560  5dB=0.6760  10dB=0.8400  avg=0.8240
2026-03-10 00:52:28 | INFO | __main__ | [XGB FS] k= 20  clean=0.9580  5dB=0.6140  10dB=0.7920  avg=0.7880
2026-03-10 00:52:29 | INFO | __main__ | [XGB FS] k= 24  clean=0.9580  5dB=0.6360  10dB=0.8160  avg=0.8033
2026-03-10 00:52:31 | INFO | __main__ | [XGB FS] k= 25  clean=0.9580  5dB=0.6100  10dB=0.8100  avg=0.7927
2026-03-10 00:52:31 | INFO | __main__ | [XGB FS] Selected 12/25 channels (val clean=0.9580, 5dB=0.6820, 10dB=0.8520, avg=0.8307)
2026-03-10 00:52:31 | INFO | __main__ | [XGB FS] Applied selected channels. New feature dim: 12
2026-03-10 00:52:31 | INFO | __main__ | Selected feature count: 12
2026-03-10 00:52:31 | INFO | __main__ | Selected features (first 40): ['Loudness_sma3', 'alphaRatio_sma3', 'hammarbergIndex_sma3', 'slope0-500_sma3', 'slope500-1500_sma3', 'mfcc1_sma3', 'mfcc2_sma3', 'mfcc3_sma3', 'mfcc4_sma3', 'logRelF0-H1-A3_sma3nz', 'F2frequency_sma3nz', 'F2bandwidth_sma3nz']
2026-03-10 00:52:31 | INFO | __main__ | Saved selected feature list to ./features/opensmile_mfcc_best_checkpoint_selected_features.csv
2026-03-10 00:52:31 | INFO | __main__ | Saved test_clean per-digit feature summary to ./features/opensmile_mfcc_best_checkpoint_clean_per_digit_feature_summary.csv (digits=10, features=12)
2026-03-10 00:52:31 | INFO | __main__ | Saved test_noisy_5db per-digit feature summary to ./features/opensmile_mfcc_best_checkpoint_noisy5db_per_digit_feature_summary.csv (digits=10, features=12)
2026-03-10 00:52:31 | INFO | __main__ | Saved test_noisy_10db per-digit feature summary to ./features/opensmile_mfcc_best_checkpoint_noisy10db_per_digit_feature_summary.csv (digits=10, features=12)
2026-03-10 00:52:31 | INFO | __main__ | Feature dim: 12 | Train: 2500 | Test clean: 300 | Test noisy 5dB: 300 | Test noisy 10dB: 300
2026-03-10 00:52:31 | INFO | __main__ | Train frames: min=10, max=224, mean=39.2
2026-03-10 00:52:31 | INFO | __main__ | Test clean frames: min=10, max=110, mean=38.6
2026-03-10 00:52:31 | INFO | __main__ | Noisy 5dB frames: min=10, max=110, mean=38.6
2026-03-10 00:52:31 | INFO | __main__ | Noisy 10dB frames: min=10, max=110, mean=38.6
2026-03-10 00:52:31 | INFO | __main__ | Class distribution | train=[252, 250, 254, 250, 248, 249, 257, 250, 249, 241] test_clean=[30, 30, 30, 30, 30, 30, 30, 30, 30, 30]
2026-03-10 00:52:31 | INFO | __main__ | DataLoaders ready | train_batches=79 test_clean_batches=19
2026-03-10 00:52:31 | INFO | __main__ | Noisy 5dB loader batches=19
2026-03-10 00:52:31 | INFO | __main__ | Noisy 10dB loader batches=19
2026-03-10 00:52:31 | INFO | __main__ | Using device: cuda
2026-03-10 00:52:31 | INFO | __main__ | Model initialized | input_size=12 trainable_params=549226
2026-03-10 00:52:34 | INFO | __main__ | Epoch 01/40 | train_loss=2.2731 | val_loss(clean)=2.1935 | val_loss(5dB)=2.2957 | val_loss(10dB)=2.2737 | train_acc=0.1584 | val_acc(clean)=0.2533 | val_acc(5dB)=0.1167 | val_acc(10dB)=0.1733 | time=2.44s
2026-03-10 00:52:34 | INFO | __main__ | New best clean accuracy: 0.2533 at epoch 1
2026-03-10 00:52:34 | INFO | __main__ | New best 5dB accuracy: 0.1167 at epoch 1
2026-03-10 00:52:34 | INFO | __main__ | Saved best checkpoint to /mnt/e/largescaleml/dsp_final_project/checkpoints/opensmile_mfcc_best_checkpoint.pt (epoch 1)
2026-03-10 00:52:36 | INFO | __main__ | Epoch 02/40 | train_loss=2.1493 | val_loss(clean)=2.0615 | val_loss(5dB)=2.2830 | val_loss(10dB)=2.2109 | train_acc=0.2116 | val_acc(clean)=0.2633 | val_acc(5dB)=0.1300 | val_acc(10dB)=0.1767 | time=2.12s
2026-03-10 00:52:36 | INFO | __main__ | New best clean accuracy: 0.2633 at epoch 2
2026-03-10 00:52:36 | INFO | __main__ | New best 5dB accuracy: 0.1300 at epoch 2
2026-03-10 00:52:36 | INFO | __main__ | Saved best checkpoint to /mnt/e/largescaleml/dsp_final_project/checkpoints/opensmile_mfcc_best_checkpoint.pt (epoch 2)
2026-03-10 00:52:38 | INFO | __main__ | Epoch 03/40 | train_loss=2.0032 | val_loss(clean)=1.8867 | val_loss(5dB)=2.2756 | val_loss(10dB)=2.1223 | train_acc=0.2740 | val_acc(clean)=0.3533 | val_acc(5dB)=0.1567 | val_acc(10dB)=0.2300 | time=1.97s
2026-03-10 00:52:38 | INFO | __main__ | New best clean accuracy: 0.3533 at epoch 3
2026-03-10 00:52:38 | INFO | __main__ | New best 5dB accuracy: 0.1567 at epoch 3
2026-03-10 00:52:38 | INFO | __main__ | Saved best checkpoint to /mnt/e/largescaleml/dsp_final_project/checkpoints/opensmile_mfcc_best_checkpoint.pt (epoch 3)
2026-03-10 00:52:40 | INFO | __main__ | Epoch 04/40 | train_loss=1.8435 | val_loss(clean)=1.7912 | val_loss(5dB)=2.2456 | val_loss(10dB)=2.0918 | train_acc=0.3380 | val_acc(clean)=0.4200 | val_acc(5dB)=0.2200 | val_acc(10dB)=0.2733 | time=2.06s
2026-03-10 00:52:40 | INFO | __main__ | New best clean accuracy: 0.4200 at epoch 4
2026-03-10 00:52:40 | INFO | __main__ | New best 5dB accuracy: 0.2200 at epoch 4
2026-03-10 00:52:40 | INFO | __main__ | Saved best checkpoint to /mnt/e/largescaleml/dsp_final_project/checkpoints/opensmile_mfcc_best_checkpoint.pt (epoch 4)
2026-03-10 00:52:42 | INFO | __main__ | Epoch 05/40 | train_loss=1.7003 | val_loss(clean)=1.6611 | val_loss(5dB)=2.2546 | val_loss(10dB)=2.0174 | train_acc=0.4056 | val_acc(clean)=0.4133 | val_acc(5dB)=0.1733 | val_acc(10dB)=0.2500 | time=1.91s
2026-03-10 00:52:44 | INFO | __main__ | Epoch 06/40 | train_loss=1.5904 | val_loss(clean)=1.4760 | val_loss(5dB)=2.4604 | val_loss(10dB)=2.1191 | train_acc=0.4536 | val_acc(clean)=0.4967 | val_acc(5dB)=0.1667 | val_acc(10dB)=0.2900 | time=1.93s
2026-03-10 00:52:44 | INFO | __main__ | New best clean accuracy: 0.4967 at epoch 6
2026-03-10 00:52:44 | INFO | __main__ | Saved best checkpoint to /mnt/e/largescaleml/dsp_final_project/checkpoints/opensmile_mfcc_best_checkpoint.pt (epoch 6)
2026-03-10 00:52:46 | INFO | __main__ | Epoch 07/40 | train_loss=1.4454 | val_loss(clean)=1.3718 | val_loss(5dB)=2.0975 | val_loss(10dB)=1.8020 | train_acc=0.5024 | val_acc(clean)=0.5200 | val_acc(5dB)=0.2767 | val_acc(10dB)=0.3433 | time=1.97s
2026-03-10 00:52:46 | INFO | __main__ | New best clean accuracy: 0.5200 at epoch 7
2026-03-10 00:52:46 | INFO | __main__ | New best 5dB accuracy: 0.2767 at epoch 7
2026-03-10 00:52:46 | INFO | __main__ | Saved best checkpoint to /mnt/e/largescaleml/dsp_final_project/checkpoints/opensmile_mfcc_best_checkpoint.pt (epoch 7)
2026-03-10 00:52:47 | INFO | __main__ | Epoch 08/40 | train_loss=1.3224 | val_loss(clean)=1.1878 | val_loss(5dB)=2.2125 | val_loss(10dB)=1.8662 | train_acc=0.5424 | val_acc(clean)=0.6333 | val_acc(5dB)=0.2400 | val_acc(10dB)=0.3833 | time=0.79s
2026-03-10 00:52:47 | INFO | __main__ | New best clean accuracy: 0.6333 at epoch 8
2026-03-10 00:52:47 | INFO | __main__ | Saved best checkpoint to /mnt/e/largescaleml/dsp_final_project/checkpoints/opensmile_mfcc_best_checkpoint.pt (epoch 8)
2026-03-10 00:52:49 | INFO | __main__ | Epoch 09/40 | train_loss=1.2352 | val_loss(clean)=1.1164 | val_loss(5dB)=2.5643 | val_loss(10dB)=2.1715 | train_acc=0.5828 | val_acc(clean)=0.6900 | val_acc(5dB)=0.2167 | val_acc(10dB)=0.3500 | time=2.09s
2026-03-10 00:52:49 | INFO | __main__ | New best clean accuracy: 0.6900 at epoch 9
2026-03-10 00:52:51 | INFO | __main__ | Epoch 10/40 | train_loss=1.1337 | val_loss(clean)=1.0506 | val_loss(5dB)=2.1072 | val_loss(10dB)=1.7674 | train_acc=0.6192 | val_acc(clean)=0.6733 | val_acc(5dB)=0.3033 | val_acc(10dB)=0.4033 | time=1.89s
2026-03-10 00:52:51 | INFO | __main__ | New best 5dB accuracy: 0.3033 at epoch 10
2026-03-10 00:52:51 | INFO | __main__ | Saved best checkpoint to /mnt/e/largescaleml/dsp_final_project/checkpoints/opensmile_mfcc_best_checkpoint.pt (epoch 10)
2026-03-10 00:52:53 | INFO | __main__ | Epoch 11/40 | train_loss=1.0550 | val_loss(clean)=0.9427 | val_loss(5dB)=2.4918 | val_loss(10dB)=1.9868 | train_acc=0.6476 | val_acc(clean)=0.7267 | val_acc(5dB)=0.2600 | val_acc(10dB)=0.3767 | time=1.91s
2026-03-10 00:52:53 | INFO | __main__ | New best clean accuracy: 0.7267 at epoch 11
2026-03-10 00:52:54 | INFO | __main__ | Epoch 12/40 | train_loss=0.9926 | val_loss(clean)=0.9472 | val_loss(5dB)=2.1129 | val_loss(10dB)=1.7321 | train_acc=0.6660 | val_acc(clean)=0.7067 | val_acc(5dB)=0.4200 | val_acc(10dB)=0.4567 | time=1.79s
2026-03-10 00:52:54 | INFO | __main__ | New best 5dB accuracy: 0.4200 at epoch 12
2026-03-10 00:52:54 | INFO | __main__ | Saved best checkpoint to /mnt/e/largescaleml/dsp_final_project/checkpoints/opensmile_mfcc_best_checkpoint.pt (epoch 12)
2026-03-10 00:52:56 | INFO | __main__ | Epoch 13/40 | train_loss=0.9266 | val_loss(clean)=0.8096 | val_loss(5dB)=2.0886 | val_loss(10dB)=1.6567 | train_acc=0.6896 | val_acc(clean)=0.7500 | val_acc(5dB)=0.3600 | val_acc(10dB)=0.5067 | time=2.08s
2026-03-10 00:52:56 | INFO | __main__ | New best clean accuracy: 0.7500 at epoch 13
2026-03-10 00:52:56 | INFO | __main__ | Saved best checkpoint to /mnt/e/largescaleml/dsp_final_project/checkpoints/opensmile_mfcc_best_checkpoint.pt (epoch 13)
2026-03-10 00:52:58 | INFO | __main__ | Epoch 14/40 | train_loss=0.8522 | val_loss(clean)=0.7229 | val_loss(5dB)=2.2686 | val_loss(10dB)=1.6757 | train_acc=0.7136 | val_acc(clean)=0.8033 | val_acc(5dB)=0.3433 | val_acc(10dB)=0.5067 | time=1.81s
2026-03-10 00:52:58 | INFO | __main__ | New best clean accuracy: 0.8033 at epoch 14
2026-03-10 00:53:00 | INFO | __main__ | Epoch 15/40 | train_loss=0.7894 | val_loss(clean)=0.8097 | val_loss(5dB)=1.7327 | val_loss(10dB)=1.4048 | train_acc=0.7388 | val_acc(clean)=0.7333 | val_acc(5dB)=0.4300 | val_acc(10dB)=0.5233 | time=1.81s
2026-03-10 00:53:00 | INFO | __main__ | New best 5dB accuracy: 0.4300 at epoch 15
2026-03-10 00:53:00 | INFO | __main__ | Saved best checkpoint to /mnt/e/largescaleml/dsp_final_project/checkpoints/opensmile_mfcc_best_checkpoint.pt (epoch 15)
2026-03-10 00:53:02 | INFO | __main__ | Epoch 16/40 | train_loss=0.7703 | val_loss(clean)=0.7236 | val_loss(5dB)=1.9397 | val_loss(10dB)=1.5064 | train_acc=0.7456 | val_acc(clean)=0.7800 | val_acc(5dB)=0.3800 | val_acc(10dB)=0.5067 | time=1.94s
2026-03-10 00:53:04 | INFO | __main__ | Epoch 17/40 | train_loss=0.7270 | val_loss(clean)=0.6320 | val_loss(5dB)=2.5034 | val_loss(10dB)=1.8478 | train_acc=0.7676 | val_acc(clean)=0.8067 | val_acc(5dB)=0.3467 | val_acc(10dB)=0.4867 | time=2.00s
2026-03-10 00:53:04 | INFO | __main__ | New best clean accuracy: 0.8067 at epoch 17
2026-03-10 00:53:06 | INFO | __main__ | Epoch 18/40 | train_loss=0.6805 | val_loss(clean)=0.5814 | val_loss(5dB)=1.8885 | val_loss(10dB)=1.3030 | train_acc=0.7756 | val_acc(clean)=0.8200 | val_acc(5dB)=0.3567 | val_acc(10dB)=0.5633 | time=1.88s
2026-03-10 00:53:06 | INFO | __main__ | New best clean accuracy: 0.8200 at epoch 18
2026-03-10 00:53:06 | INFO | __main__ | Saved best checkpoint to /mnt/e/largescaleml/dsp_final_project/checkpoints/opensmile_mfcc_best_checkpoint.pt (epoch 18)
2026-03-10 00:53:08 | INFO | __main__ | Epoch 19/40 | train_loss=0.6424 | val_loss(clean)=0.6056 | val_loss(5dB)=1.7188 | val_loss(10dB)=1.2749 | train_acc=0.7940 | val_acc(clean)=0.7900 | val_acc(5dB)=0.4700 | val_acc(10dB)=0.5933 | time=2.04s
2026-03-10 00:53:08 | INFO | __main__ | New best 5dB accuracy: 0.4700 at epoch 19
2026-03-10 00:53:08 | INFO | __main__ | Saved best checkpoint to /mnt/e/largescaleml/dsp_final_project/checkpoints/opensmile_mfcc_best_checkpoint.pt (epoch 19)
2026-03-10 00:53:10 | INFO | __main__ | Epoch 20/40 | train_loss=0.6146 | val_loss(clean)=0.5158 | val_loss(5dB)=1.8026 | val_loss(10dB)=1.3595 | train_acc=0.8108 | val_acc(clean)=0.8500 | val_acc(5dB)=0.3967 | val_acc(10dB)=0.5267 | time=1.84s
2026-03-10 00:53:10 | INFO | __main__ | New best clean accuracy: 0.8500 at epoch 20
2026-03-10 00:53:12 | INFO | __main__ | Epoch 21/40 | train_loss=0.5900 | val_loss(clean)=0.5499 | val_loss(5dB)=2.5877 | val_loss(10dB)=1.8131 | train_acc=0.8128 | val_acc(clean)=0.8300 | val_acc(5dB)=0.2833 | val_acc(10dB)=0.4800 | time=2.00s
2026-03-10 00:53:14 | INFO | __main__ | Epoch 22/40 | train_loss=0.5359 | val_loss(clean)=0.5003 | val_loss(5dB)=2.3747 | val_loss(10dB)=1.6690 | train_acc=0.8376 | val_acc(clean)=0.8300 | val_acc(5dB)=0.3767 | val_acc(10dB)=0.5667 | time=2.06s
2026-03-10 00:53:16 | INFO | __main__ | Epoch 23/40 | train_loss=0.5214 | val_loss(clean)=0.4620 | val_loss(5dB)=3.2363 | val_loss(10dB)=2.2597 | train_acc=0.8388 | val_acc(clean)=0.8800 | val_acc(5dB)=0.2467 | val_acc(10dB)=0.4233 | time=2.02s
2026-03-10 00:53:16 | INFO | __main__ | New best clean accuracy: 0.8800 at epoch 23
2026-03-10 00:53:17 | INFO | __main__ | Epoch 24/40 | train_loss=0.5012 | val_loss(clean)=0.5777 | val_loss(5dB)=2.8483 | val_loss(10dB)=2.2086 | train_acc=0.8412 | val_acc(clean)=0.8467 | val_acc(5dB)=0.3267 | val_acc(10dB)=0.4567 | time=0.84s
2026-03-10 00:53:19 | INFO | __main__ | Epoch 25/40 | train_loss=0.4847 | val_loss(clean)=0.4150 | val_loss(5dB)=2.2822 | val_loss(10dB)=1.5991 | train_acc=0.8460 | val_acc(clean)=0.8667 | val_acc(5dB)=0.4233 | val_acc(10dB)=0.5533 | time=1.85s
2026-03-10 00:53:20 | INFO | __main__ | Epoch 26/40 | train_loss=0.4573 | val_loss(clean)=0.3798 | val_loss(5dB)=2.0840 | val_loss(10dB)=1.5477 | train_acc=0.8576 | val_acc(clean)=0.8833 | val_acc(5dB)=0.3967 | val_acc(10dB)=0.4933 | time=1.83s
2026-03-10 00:53:20 | INFO | __main__ | New best clean accuracy: 0.8833 at epoch 26
2026-03-10 00:53:22 | INFO | __main__ | Epoch 27/40 | train_loss=0.4263 | val_loss(clean)=0.4666 | val_loss(5dB)=2.5399 | val_loss(10dB)=1.8944 | train_acc=0.8700 | val_acc(clean)=0.8900 | val_acc(5dB)=0.3533 | val_acc(10dB)=0.5367 | time=1.99s
2026-03-10 00:53:22 | INFO | __main__ | New best clean accuracy: 0.8900 at epoch 27
2026-03-10 00:53:24 | INFO | __main__ | Epoch 28/40 | train_loss=0.4373 | val_loss(clean)=0.4031 | val_loss(5dB)=2.5394 | val_loss(10dB)=1.8838 | train_acc=0.8652 | val_acc(clean)=0.8733 | val_acc(5dB)=0.3633 | val_acc(10dB)=0.5100 | time=1.89s
2026-03-10 00:53:26 | INFO | __main__ | Epoch 29/40 | train_loss=0.4260 | val_loss(clean)=0.4193 | val_loss(5dB)=3.2284 | val_loss(10dB)=2.1403 | train_acc=0.8664 | val_acc(clean)=0.8733 | val_acc(5dB)=0.2933 | val_acc(10dB)=0.4767 | time=1.87s
2026-03-10 00:53:28 | INFO | __main__ | Epoch 30/40 | train_loss=0.3849 | val_loss(clean)=0.3304 | val_loss(5dB)=2.1466 | val_loss(10dB)=1.4779 | train_acc=0.8800 | val_acc(clean)=0.8867 | val_acc(5dB)=0.4033 | val_acc(10dB)=0.5600 | time=2.01s
2026-03-10 00:53:30 | INFO | __main__ | Epoch 31/40 | train_loss=0.3604 | val_loss(clean)=0.2605 | val_loss(5dB)=2.5509 | val_loss(10dB)=1.7476 | train_acc=0.8856 | val_acc(clean)=0.9167 | val_acc(5dB)=0.3700 | val_acc(10dB)=0.5200 | time=2.14s
2026-03-10 00:53:30 | INFO | __main__ | New best clean accuracy: 0.9167 at epoch 31
2026-03-10 00:53:32 | INFO | __main__ | Epoch 32/40 | train_loss=0.3536 | val_loss(clean)=0.3458 | val_loss(5dB)=2.3270 | val_loss(10dB)=1.5555 | train_acc=0.8956 | val_acc(clean)=0.8667 | val_acc(5dB)=0.3933 | val_acc(10dB)=0.5333 | time=1.90s
2026-03-10 00:53:34 | INFO | __main__ | Epoch 33/40 | train_loss=0.3137 | val_loss(clean)=0.3064 | val_loss(5dB)=2.7023 | val_loss(10dB)=1.7143 | train_acc=0.8988 | val_acc(clean)=0.8933 | val_acc(5dB)=0.3567 | val_acc(10dB)=0.5567 | time=1.77s
2026-03-10 00:53:36 | INFO | __main__ | Epoch 34/40 | train_loss=0.3499 | val_loss(clean)=0.2996 | val_loss(5dB)=2.9465 | val_loss(10dB)=1.9994 | train_acc=0.8956 | val_acc(clean)=0.9000 | val_acc(5dB)=0.3767 | val_acc(10dB)=0.5167 | time=1.84s
2026-03-10 00:53:38 | INFO | __main__ | Epoch 35/40 | train_loss=0.3003 | val_loss(clean)=0.2777 | val_loss(5dB)=2.7633 | val_loss(10dB)=1.8586 | train_acc=0.9080 | val_acc(clean)=0.9233 | val_acc(5dB)=0.3967 | val_acc(10dB)=0.5300 | time=1.95s
2026-03-10 00:53:38 | INFO | __main__ | New best clean accuracy: 0.9233 at epoch 35
2026-03-10 00:53:40 | INFO | __main__ | Epoch 36/40 | train_loss=0.3331 | val_loss(clean)=0.3357 | val_loss(5dB)=2.2770 | val_loss(10dB)=1.5416 | train_acc=0.8892 | val_acc(clean)=0.8933 | val_acc(5dB)=0.4033 | val_acc(10dB)=0.5733 | time=2.08s
2026-03-10 00:53:42 | INFO | __main__ | Epoch 37/40 | train_loss=0.3115 | val_loss(clean)=0.2447 | val_loss(5dB)=2.4717 | val_loss(10dB)=1.7448 | train_acc=0.9032 | val_acc(clean)=0.9133 | val_acc(5dB)=0.4133 | val_acc(10dB)=0.5567 | time=1.83s
2026-03-10 00:53:44 | INFO | __main__ | Epoch 38/40 | train_loss=0.2930 | val_loss(clean)=0.2891 | val_loss(5dB)=2.9395 | val_loss(10dB)=2.0429 | train_acc=0.9060 | val_acc(clean)=0.9000 | val_acc(5dB)=0.3400 | val_acc(10dB)=0.5267 | time=2.03s
2026-03-10 00:53:46 | INFO | __main__ | Epoch 39/40 | train_loss=0.2790 | val_loss(clean)=0.2887 | val_loss(5dB)=2.5896 | val_loss(10dB)=1.7497 | train_acc=0.9116 | val_acc(clean)=0.9100 | val_acc(5dB)=0.4300 | val_acc(10dB)=0.5767 | time=1.92s
2026-03-10 00:53:47 | INFO | __main__ | Epoch 40/40 | train_loss=0.2780 | val_loss(clean)=0.3034 | val_loss(5dB)=3.2806 | val_loss(10dB)=2.0388 | train_acc=0.9156 | val_acc(clean)=0.9100 | val_acc(5dB)=0.3200 | val_acc(10dB)=0.5467 | time=1.83s
2026-03-10 00:53:47 | INFO | __main__ | Loaded best checkpoint from /mnt/e/largescaleml/dsp_final_project/checkpoints/opensmile_mfcc_best_checkpoint.pt
2026-03-10 00:53:47 | INFO | __main__ | Saving confusion matrices to ./figures with prefix 'best_ep_19'
2026-03-10 00:53:48 | INFO | __main__ | Saved training curves to ./figures/best_ep_19_training_curves.png
2026-03-10 00:53:48 | INFO | __main__ | Best clean accuracy: 0.9233 (epoch 35)
2026-03-10 00:53:48 | INFO | __main__ | Best 5dB accuracy: 0.4700 (epoch 19)
2026-03-10 00:53:48 | INFO | __main__ | Best 10dB accuracy: 0.5933 (epoch 19)
2026-03-10 00:53:48 | INFO | __main__ | Final loaded-checkpoint accuracy | clean=0.7900 5dB=0.4700 10dB=0.5933
2026-03-10 00:53:48 | INFO | __main__ | Final evaluation metrics on all test datasets:
2026-03-10 00:53:48 | INFO | __main__ | [test_clean] loss=0.6056 acc=0.7900 precision_macro=0.8255 recall_macro=0.7900 f1_macro=0.7952 precision_weighted=0.8255 recall_weighted=0.7900 f1_weighted=0.7952
2026-03-10 00:53:48 | INFO | __main__ | [test_noisy_5db] loss=1.7188 acc=0.4700 precision_macro=0.5204 recall_macro=0.4700 f1_macro=0.4237 precision_weighted=0.5204 recall_weighted=0.4700 f1_weighted=0.4237
2026-03-10 00:53:48 | INFO | __main__ | [test_noisy_10db] loss=1.2749 acc=0.5933 precision_macro=0.6074 recall_macro=0.5933 f1_macro=0.5710 precision_weighted=0.6074 recall_weighted=0.5933 f1_weighted=0.5710
2026-03-10 00:53:48 | INFO | __main__ | Run completed in 2.18 minutes
